Current working directory: /home/ludic/Desktop/Codetoserve/pipestations
initiate create table
table nextbike_map_data_20240204_154504 created
create table complete initiate insert function
connected to table in insert function
insert function completed
insert function complete
Current working directory: /home/ludic/Desktop/Codetoserve/pipestations
initiate create table
table nextbike_map_data_20240204_160005 created
create table complete initiate insert function
connected to table in insert function
insert function completed
insert function complete
Current working directory: /home/ludic/Desktop/Codetoserve/pipestations
initiate create table
table nextbike_map_data_20240204_161502 created
create table complete initiate insert function
connected to table in insert function
insert function completed
insert function complete
Current working directory: /home/ludic/Desktop/Codetoserve/pipestations
initiate create table
table nextbike_map_data_20240204_163003 created
create table complete initiate insert function
connected to table in insert function
insert function completed
insert function complete
Current working directory: /home/ludic/Desktop/Codetoserve/pipestations
initiate create table
table nextbike_map_data_20240204_163502 created
create table complete initiate insert function
connected to table in insert function
insert function completed
insert function complete
Current working directory: /home/ludic/Desktop/Codetoserve/pipestations
initiate create table
table nextbike_map_data_20240204_164504 created
create table complete initiate insert function
connected to table in insert function
insert function completed
insert function complete
Current working directory: /home/ludic/Desktop/Codetoserve/pipestations
initiate create table
table nextbike_map_data_20240204_170002 created
create table complete initiate insert function
connected to table in insert function
insert function completed
insert function complete
Current working directory: /home/ludic/Desktop/Codetoserve/pipestations
initiate create table
table nextbike_map_data_20240204_171501 created
create table complete initiate insert function
connected to table in insert function
insert function completed
insert function complete
Current working directory: /home/ludic/Desktop/Codetoserve/pipestations
initiate create table
table nextbike_map_data_20240204_173004 created
create table complete initiate insert function
connected to table in insert function
insert function completed
insert function complete
Current working directory: /home/ludic/Desktop/Codetoserve/pipestations
initiate create table
table nextbike_map_data_20240204_173501 created
create table complete initiate insert function
connected to table in insert function
insert function completed
insert function complete
Current working directory: /home/ludic/Desktop/Codetoserve/pipestations
initiate create table
table nextbike_map_data_20240204_174502 created
create table complete initiate insert function
connected to table in insert function
insert function completed
insert function complete
Current working directory: /home/ludic/Desktop/Codetoserve/pipestations
initiate create table
table nextbike_map_data_20240204_180003 created
create table complete initiate insert function
connected to table in insert function
insert function completed
insert function complete
Current working directory: /home/ludic/Desktop/Codetoserve/pipestations
initiate create table
table nextbike_map_data_20240204_181505 created
create table complete initiate insert function
connected to table in insert function
insert function completed
insert function complete
Current working directory: /home/ludic/Desktop/Codetoserve/pipestations
initiate create table
table nextbike_map_data_20240204_183001 created
create table complete initiate insert function
connected to table in insert function
insert function completed
insert function complete
Current working directory: /home/ludic/Desktop/Codetoserve/pipestations
initiate create table
table nextbike_map_data_20240204_183502 created
create table complete initiate insert function
connected to table in insert function
insert function completed
insert function complete
Current working directory: /home/ludic/Desktop/Codetoserve/pipestations
initiate create table
table nextbike_map_data_20240204_184502 created
create table complete initiate insert function
connected to table in insert function
insert function completed
insert function complete
Current working directory: /home/ludic/Desktop/Codetoserve/pipestations
initiate create table
table nextbike_map_data_20240204_190004 created
create table complete initiate insert function
connected to table in insert function
insert function completed
insert function complete
Current working directory: /home/ludic/Desktop/Codetoserve/pipestations
initiate create table
table nextbike_map_data_20240204_191502 created
create table complete initiate insert function
connected to table in insert function
insert function completed
insert function complete
Current working directory: /home/ludic/Desktop/Codetoserve/pipestations
initiate create table
table nextbike_map_data_20240204_193004 created
create table complete initiate insert function
connected to table in insert function
insert function completed
insert function complete
Current working directory: /home/ludic/Desktop/Codetoserve/pipestations
initiate create table
table nextbike_map_data_20240204_193501 created
create table complete initiate insert function
connected to table in insert function
insert function completed
insert function complete
Current working directory: /home/ludic/Desktop/Codetoserve/pipestations
initiate create table
table nextbike_map_data_20240204_194502 created
create table complete initiate insert function
connected to table in insert function
insert function completed
insert function complete
Current working directory: /home/ludic/Desktop/Codetoserve/pipestations
initiate create table
table nextbike_map_data_20240204_200004 created
create table complete initiate insert function
connected to table in insert function
insert function completed
insert function complete
Current working directory: /home/ludic/Desktop/Codetoserve/pipestations
initiate create table
table nextbike_map_data_20240204_201501 created
create table complete initiate insert function
connected to table in insert function
insert function completed
insert function complete
Current working directory: /home/ludic/Desktop/Codetoserve/pipestations
initiate create table
table nextbike_map_data_20240204_203002 created
create table complete initiate insert function
connected to table in insert function
insert function completed
insert function complete
Current working directory: /home/ludic/Desktop/Codetoserve/pipestations
initiate create table
table nextbike_map_data_20240204_203501 created
create table complete initiate insert function
connected to table in insert function
insert function completed
insert function complete
Current working directory: /home/ludic/Desktop/Codetoserve/pipestations
initiate create table
table nextbike_map_data_20240204_204502 created
create table complete initiate insert function
connected to table in insert function
insert function completed
insert function complete
Current working directory: /home/ludic/Desktop/Codetoserve/pipestations
initiate create table
table nextbike_map_data_20240204_210004 created
create table complete initiate insert function
connected to table in insert function
insert function completed
insert function complete
Current working directory: /home/ludic/Desktop/Codetoserve/pipestations
initiate create table
table nextbike_map_data_20240204_211502 created
create table complete initiate insert function
connected to table in insert function
insert function completed
insert function complete
Current working directory: /home/ludic/Desktop/Codetoserve/pipestations
initiate create table
table nextbike_map_data_20240204_213004 created
create table complete initiate insert function
connected to table in insert function
insert function completed
insert function complete
Current working directory: /home/ludic/Desktop/Codetoserve/pipestations
initiate create table
table nextbike_map_data_20240204_213502 created
create table complete initiate insert function
connected to table in insert function
insert function completed
insert function complete
Current working directory: /home/ludic/Desktop/Codetoserve/pipestations
initiate create table
table nextbike_map_data_20240204_214502 created
create table complete initiate insert function
connected to table in insert function
insert function completed
insert function complete
Current working directory: /home/ludic/Desktop/Codetoserve/pipestations
initiate create table
table nextbike_map_data_20240204_220002 created
create table complete initiate insert function
connected to table in insert function
insert function completed
insert function complete
Current working directory: /home/ludic/Desktop/Codetoserve/pipestations
initiate create table
table nextbike_map_data_20240204_221503 created
create table complete initiate insert function
connected to table in insert function
insert function completed
insert function complete
Current working directory: /home/ludic/Desktop/Codetoserve/pipestations
initiate create table
table nextbike_map_data_20240204_223005 created
create table complete initiate insert function
connected to table in insert function
insert function completed
insert function complete
Current working directory: /home/ludic/Desktop/Codetoserve/pipestations
initiate create table
table nextbike_map_data_20240204_223501 created
create table complete initiate insert function
connected to table in insert function
insert function completed
insert function complete
Current working directory: /home/ludic/Desktop/Codetoserve/pipestations
initiate create table
table nextbike_map_data_20240204_224503 created
create table complete initiate insert function
connected to table in insert function
insert function completed
insert function complete
Current working directory: /home/ludic/Desktop/Codetoserve/pipestations
initiate create table
table nextbike_map_data_20240204_230002 created
create table complete initiate insert function
connected to table in insert function
insert function completed
insert function complete
Current working directory: /home/ludic/Desktop/Codetoserve/pipestations
initiate create table
table nextbike_map_data_20240204_231502 created
create table complete initiate insert function
connected to table in insert function
insert function completed
insert function complete
Current working directory: /home/ludic/Desktop/Codetoserve/pipestations
initiate create table
table nextbike_map_data_20240204_233004 created
create table complete initiate insert function
connected to table in insert function
insert function completed
insert function complete
Current working directory: /home/ludic/Desktop/Codetoserve/pipestations
initiate create table
table nextbike_map_data_20240204_233501 created
create table complete initiate insert function
connected to table in insert function
insert function completed
insert function complete
Current working directory: /home/ludic/Desktop/Codetoserve/pipestations
initiate create table
table nextbike_map_data_20240204_234503 created
create table complete initiate insert function
connected to table in insert function
insert function completed
insert function complete
Current working directory: /home/ludic/Desktop/Codetoserve/pipestations
initiate create table
table nextbike_map_data_20240205_000002 created
create table complete initiate insert function
connected to table in insert function
insert function completed
insert function complete
Current working directory: /home/ludic/Desktop/Codetoserve/pipestations
initiate create table
table nextbike_map_data_20240205_001501 created
create table complete initiate insert function
connected to table in insert function
insert function completed
insert function complete
Current working directory: /home/ludic/Desktop/Codetoserve/pipestations
initiate create table
table nextbike_map_data_20240205_003005 created
create table complete initiate insert function
connected to table in insert function
insert function completed
insert function complete
Current working directory: /home/ludic/Desktop/Codetoserve/pipestations
initiate create table
table nextbike_map_data_20240205_003503 created
create table complete initiate insert function
connected to table in insert function
insert function completed
insert function complete
Current working directory: /home/ludic/Desktop/Codetoserve/pipestations
initiate create table
table nextbike_map_data_20240205_004502 created
create table complete initiate insert function
connected to table in insert function
insert function completed
insert function complete
Current working directory: /home/ludic/Desktop/Codetoserve/pipestations
initiate create table
table nextbike_map_data_20240205_010003 created
create table complete initiate insert function
connected to table in insert function
insert function completed
insert function complete
Current working directory: /home/ludic/Desktop/Codetoserve/pipestations
Traceback (most recent call last):
  File "/usr/lib/python3/dist-packages/urllib3/connection.py", line 169, in _new_conn
    conn = connection.create_connection(
  File "/usr/lib/python3/dist-packages/urllib3/util/connection.py", line 73, in create_connection
    for res in socket.getaddrinfo(host, port, family, socket.SOCK_STREAM):
  File "/usr/lib/python3.10/socket.py", line 955, in getaddrinfo
    for res in _socket.getaddrinfo(host, port, family, type, proto, flags):
socket.gaierror: [Errno -3] Temporary failure in name resolution

During handling of the above exception, another exception occurred:

Traceback (most recent call last):
  File "/usr/lib/python3/dist-packages/urllib3/connectionpool.py", line 700, in urlopen
    httplib_response = self._make_request(
  File "/usr/lib/python3/dist-packages/urllib3/connectionpool.py", line 383, in _make_request
    self._validate_conn(conn)
  File "/usr/lib/python3/dist-packages/urllib3/connectionpool.py", line 1017, in _validate_conn
    conn.connect()
  File "/usr/lib/python3/dist-packages/urllib3/connection.py", line 353, in connect
    conn = self._new_conn()
  File "/usr/lib/python3/dist-packages/urllib3/connection.py", line 181, in _new_conn
    raise NewConnectionError(
urllib3.exceptions.NewConnectionError: <urllib3.connection.HTTPSConnection object at 0x7fc721b38430>: Failed to establish a new connection: [Errno -3] Temporary failure in name resolution

During handling of the above exception, another exception occurred:

Traceback (most recent call last):
  File "/usr/local/lib/python3.10/dist-packages/requests/adapters.py", line 486, in send
    resp = conn.urlopen(
  File "/usr/lib/python3/dist-packages/urllib3/connectionpool.py", line 756, in urlopen
    retries = retries.increment(
  File "/usr/lib/python3/dist-packages/urllib3/util/retry.py", line 574, in increment
    raise MaxRetryError(_pool, url, error or ResponseError(cause))
urllib3.exceptions.MaxRetryError: HTTPSConnectionPool(host='maps.nextbike.net', port=443): Max retries exceeded with url: /maps/nextbike-live.json?city=237&scope=official&format=json (Caused by NewConnectionError('<urllib3.connection.HTTPSConnection object at 0x7fc721b38430>: Failed to establish a new connection: [Errno -3] Temporary failure in name resolution'))

During handling of the above exception, another exception occurred:

Traceback (most recent call last):
  File "/home/ludic/Desktop/Codetoserve/pipestations/activenextbikeapireq.py", line 73, in <module>
    response = requests.get(base_url + endpoint_path, params = params)
  File "/usr/local/lib/python3.10/dist-packages/requests/api.py", line 73, in get
    return request("get", url, params=params, **kwargs)
  File "/usr/local/lib/python3.10/dist-packages/requests/api.py", line 59, in request
    return session.request(method=method, url=url, **kwargs)
  File "/usr/local/lib/python3.10/dist-packages/requests/sessions.py", line 589, in request
    resp = self.send(prep, **send_kwargs)
  File "/usr/local/lib/python3.10/dist-packages/requests/sessions.py", line 703, in send
    r = adapter.send(request, **kwargs)
  File "/usr/local/lib/python3.10/dist-packages/requests/adapters.py", line 519, in send
    raise ConnectionError(e, request=request)
requests.exceptions.ConnectionError: HTTPSConnectionPool(host='maps.nextbike.net', port=443): Max retries exceeded with url: /maps/nextbike-live.json?city=237&scope=official&format=json (Caused by NewConnectionError('<urllib3.connection.HTTPSConnection object at 0x7fc721b38430>: Failed to establish a new connection: [Errno -3] Temporary failure in name resolution'))
Current working directory: /home/ludic/Desktop/Codetoserve/pipestations
initiate create table
table nextbike_map_data_20240205_081504 created
create table complete initiate insert function
connected to table in insert function
insert function completed
insert function complete
Current working directory: /home/ludic/Desktop/Codetoserve/pipestations
initiate create table
table nextbike_map_data_20240205_083003 created
create table complete initiate insert function
connected to table in insert function
insert function completed
insert function complete
Current working directory: /home/ludic/Desktop/Codetoserve/pipestations
initiate create table
table nextbike_map_data_20240205_083502 created
create table complete initiate insert function
connected to table in insert function
insert function completed
insert function complete
Current working directory: /home/ludic/Desktop/Codetoserve/pipestations
initiate create table
table nextbike_map_data_20240205_084503 created
create table complete initiate insert function
connected to table in insert function
insert function completed
insert function complete
Current working directory: /home/ludic/Desktop/Codetoserve/pipestations
initiate create table
table nextbike_map_data_20240205_090001 created
create table complete initiate insert function
connected to table in insert function
insert function completed
insert function complete
Current working directory: /home/ludic/Desktop/Codetoserve/pipestations
initiate create table
table nextbike_map_data_20240205_150003 created
create table complete initiate insert function
connected to table in insert function
insert function completed
insert function complete
Current working directory: /home/ludic/Desktop/Codetoserve/pipestations
initiate create table
table nextbike_map_data_20240205_151505 created
create table complete initiate insert function
connected to table in insert function
insert function completed
insert function complete
Current working directory: /home/ludic/Desktop/Codetoserve/pipestations
initiate create table
table nextbike_map_data_20240205_153003 created
create table complete initiate insert function
connected to table in insert function
insert function completed
insert function complete
Current working directory: /home/ludic/Desktop/Codetoserve/pipestations
initiate create table
table nextbike_map_data_20240205_153501 created
create table complete initiate insert function
connected to table in insert function
insert function completed
insert function complete
Current working directory: /home/ludic/Desktop/Codetoserve/pipestations
initiate create table
table nextbike_map_data_20240205_154504 created
create table complete initiate insert function
connected to table in insert function
insert function completed
insert function complete
Current working directory: /home/ludic/Desktop/Codetoserve/pipestations
initiate create table
table nextbike_map_data_20240205_160001 created
create table complete initiate insert function
connected to table in insert function
insert function completed
insert function complete
Current working directory: /home/ludic/Desktop/Codetoserve/pipestations
initiate create table
table nextbike_map_data_20240205_161505 created
create table complete initiate insert function
connected to table in insert function
insert function completed
insert function complete
Current working directory: /home/ludic/Desktop/Codetoserve/pipestations
initiate create table
table nextbike_map_data_20240205_163001 created
create table complete initiate insert function
connected to table in insert function
insert function completed
insert function complete
Current working directory: /home/ludic/Desktop/Codetoserve/pipestations
initiate create table
table nextbike_map_data_20240205_163503 created
create table complete initiate insert function
connected to table in insert function
insert function completed
insert function complete
Current working directory: /home/ludic/Desktop/Codetoserve/pipestations
initiate create table
table nextbike_map_data_20240205_164502 created
create table complete initiate insert function
connected to table in insert function
insert function completed
insert function complete
Current working directory: /home/ludic/Desktop/Codetoserve/pipestations
initiate create table
table nextbike_map_data_20240205_170001 created
create table complete initiate insert function
connected to table in insert function
insert function completed
insert function complete
Current working directory: /home/ludic/Desktop/Codetoserve/pipestations
initiate create table
table nextbike_map_data_20240205_171501 created
create table complete initiate insert function
connected to table in insert function
insert function completed
insert function complete
Current working directory: /home/ludic/Desktop/Codetoserve/pipestations
initiate create table
table nextbike_map_data_20240205_173003 created
create table complete initiate insert function
connected to table in insert function
insert function completed
insert function complete
Current working directory: /home/ludic/Desktop/Codetoserve/pipestations
initiate create table
table nextbike_map_data_20240205_173501 created
create table complete initiate insert function
connected to table in insert function
insert function completed
insert function complete
Current working directory: /home/ludic/Desktop/Codetoserve/pipestations
initiate create table
table nextbike_map_data_20240205_174504 created
create table complete initiate insert function
connected to table in insert function
insert function completed
insert function complete
Current working directory: /home/ludic/Desktop/Codetoserve/pipestations
initiate create table
table nextbike_map_data_20240205_180002 created
create table complete initiate insert function
connected to table in insert function
insert function completed
insert function complete
Current working directory: /home/ludic/Desktop/Codetoserve/pipestations
initiate create table
table nextbike_map_data_20240205_181501 created
create table complete initiate insert function
connected to table in insert function
insert function completed
insert function complete
Current working directory: /home/ludic/Desktop/Codetoserve/pipestations
initiate create table
table nextbike_map_data_20240205_183002 created
create table complete initiate insert function
connected to table in insert function
insert function completed
insert function complete
Current working directory: /home/ludic/Desktop/Codetoserve/pipestations
initiate create table
table nextbike_map_data_20240205_183502 created
create table complete initiate insert function
connected to table in insert function
insert function completed
insert function complete
Current working directory: /home/ludic/Desktop/Codetoserve/pipestations
initiate create table
table nextbike_map_data_20240205_184503 created
create table complete initiate insert function
connected to table in insert function
insert function completed
insert function complete
Current working directory: /home/ludic/Desktop/Codetoserve/pipestations
initiate create table
table nextbike_map_data_20240205_190001 created
create table complete initiate insert function
connected to table in insert function
insert function completed
insert function complete
Current working directory: /home/ludic/Desktop/Codetoserve/pipestations
initiate create table
table nextbike_map_data_20240205_191505 created
create table complete initiate insert function
connected to table in insert function
insert function completed
insert function complete
Current working directory: /home/ludic/Desktop/Codetoserve/pipestations
initiate create table
table nextbike_map_data_20240205_193002 created
create table complete initiate insert function
connected to table in insert function
insert function completed
insert function complete
Current working directory: /home/ludic/Desktop/Codetoserve/pipestations
initiate create table
table nextbike_map_data_20240205_193501 created
create table complete initiate insert function
connected to table in insert function
insert function completed
insert function complete
Current working directory: /home/ludic/Desktop/Codetoserve/pipestations
initiate create table
table nextbike_map_data_20240205_194502 created
create table complete initiate insert function
connected to table in insert function
insert function completed
insert function complete
Current working directory: /home/ludic/Desktop/Codetoserve/pipestations
initiate create table
table nextbike_map_data_20240205_200004 created
create table complete initiate insert function
connected to table in insert function
insert function completed
insert function complete
Current working directory: /home/ludic/Desktop/Codetoserve/pipestations
initiate create table
table nextbike_map_data_20240205_201501 created
create table complete initiate insert function
connected to table in insert function
insert function completed
insert function complete
Current working directory: /home/ludic/Desktop/Codetoserve/pipestations
initiate create table
table nextbike_map_data_20240205_203003 created
create table complete initiate insert function
connected to table in insert function
insert function completed
insert function complete
Current working directory: /home/ludic/Desktop/Codetoserve/pipestations
initiate create table
table nextbike_map_data_20240205_203501 created
create table complete initiate insert function
connected to table in insert function
insert function completed
insert function complete
Current working directory: /home/ludic/Desktop/Codetoserve/pipestations
initiate create table
table nextbike_map_data_20240205_204502 created
create table complete initiate insert function
connected to table in insert function
insert function completed
insert function complete
Current working directory: /home/ludic/Desktop/Codetoserve/pipestations
initiate create table
table nextbike_map_data_20240205_210004 created
create table complete initiate insert function
connected to table in insert function
insert function completed
insert function complete
Current working directory: /home/ludic/Desktop/Codetoserve/pipestations
initiate create table
table nextbike_map_data_20240205_211503 created
create table complete initiate insert function
connected to table in insert function
insert function completed
insert function complete
Current working directory: /home/ludic/Desktop/Codetoserve/pipestations
initiate create table
table nextbike_map_data_20240205_213004 created
create table complete initiate insert function
connected to table in insert function
insert function completed
insert function complete
Current working directory: /home/ludic/Desktop/Codetoserve/pipestations
initiate create table
table nextbike_map_data_20240205_213501 created
create table complete initiate insert function
connected to table in insert function
insert function completed
insert function complete
Current working directory: /home/ludic/Desktop/Codetoserve/pipestations
initiate create table
table nextbike_map_data_20240205_214502 created
create table complete initiate insert function
connected to table in insert function
insert function completed
insert function complete
Current working directory: /home/ludic/Desktop/Codetoserve/pipestations
initiate create table
table nextbike_map_data_20240205_220003 created
create table complete initiate insert function
connected to table in insert function
insert function completed
insert function complete
Current working directory: /home/ludic/Desktop/Codetoserve/pipestations
initiate create table
table nextbike_map_data_20240205_221501 created
create table complete initiate insert function
connected to table in insert function
insert function completed
insert function complete
Current working directory: /home/ludic/Desktop/Codetoserve/pipestations
initiate create table
table nextbike_map_data_20240205_223004 created
create table complete initiate insert function
connected to table in insert function
insert function completed
insert function complete
Current working directory: /home/ludic/Desktop/Codetoserve/pipestations
initiate create table
table nextbike_map_data_20240205_223502 created
create table complete initiate insert function
connected to table in insert function
insert function completed
insert function complete
Current working directory: /home/ludic/Desktop/Codetoserve/pipestations
initiate create table
table nextbike_map_data_20240205_224501 created
create table complete initiate insert function
connected to table in insert function
insert function completed
insert function complete
Current working directory: /home/ludic/Desktop/Codetoserve/pipestations
initiate create table
table nextbike_map_data_20240205_230003 created
create table complete initiate insert function
connected to table in insert function
insert function completed
insert function complete
Current working directory: /home/ludic/Desktop/Codetoserve/pipestations
initiate create table
table nextbike_map_data_20240205_231502 created
create table complete initiate insert function
connected to table in insert function
insert function completed
insert function complete
Current working directory: /home/ludic/Desktop/Codetoserve/pipestations
initiate create table
table nextbike_map_data_20240206_091502 created
create table complete initiate insert function
connected to table in insert function
insert function completed
insert function complete
Current working directory: /home/ludic/Desktop/Codetoserve/pipestations
initiate create table
table nextbike_map_data_20240206_093001 created
create table complete initiate insert function
connected to table in insert function
insert function completed
insert function complete
Current working directory: /home/ludic/Desktop/Codetoserve/pipestations
initiate create table
table nextbike_map_data_20240206_093502 created
create table complete initiate insert function
connected to table in insert function
insert function completed
insert function complete
Current working directory: /home/ludic/Desktop/Codetoserve/pipestations
initiate create table
table nextbike_map_data_20240206_094502 created
create table complete initiate insert function
connected to table in insert function
insert function completed
insert function complete
Current working directory: /home/ludic/Desktop/Codetoserve/pipestations
initiate create table
table nextbike_map_data_20240206_110001 created
create table complete initiate insert function
connected to table in insert function
insert function completed
insert function complete
Current working directory: /home/ludic/Desktop/Codetoserve/pipestations
initiate create table
table nextbike_map_data_20240206_111507 created
create table complete initiate insert function
connected to table in insert function
insert function completed
insert function complete
Current working directory: /home/ludic/Desktop/Codetoserve/pipestations
initiate create table
table nextbike_map_data_20240206_113002 created
create table complete initiate insert function
connected to table in insert function
insert function completed
insert function complete
Current working directory: /home/ludic/Desktop/Codetoserve/pipestations
initiate create table
table nextbike_map_data_20240206_113502 created
create table complete initiate insert function
connected to table in insert function
insert function completed
insert function complete
Current working directory: /home/ludic/Desktop/Codetoserve/pipestations
initiate create table
table nextbike_map_data_20240206_114502 created
create table complete initiate insert function
connected to table in insert function
insert function completed
insert function complete
Current working directory: /home/ludic/Desktop/Codetoserve/pipestations
initiate create table
table nextbike_map_data_20240206_120001 created
create table complete initiate insert function
connected to table in insert function
insert function completed
insert function complete
Current working directory: /home/ludic/Desktop/Codetoserve/pipestations
initiate create table
table nextbike_map_data_20240206_121502 created
create table complete initiate insert function
connected to table in insert function
insert function completed
insert function complete
Current working directory: /home/ludic/Desktop/Codetoserve/pipestations
initiate create table
table nextbike_map_data_20240206_123002 created
create table complete initiate insert function
connected to table in insert function
insert function completed
insert function complete
Current working directory: /home/ludic/Desktop/Codetoserve/pipestations
initiate create table
table nextbike_map_data_20240206_123501 created
create table complete initiate insert function
connected to table in insert function
insert function completed
insert function complete
Current working directory: /home/ludic/Desktop/Codetoserve/pipestations
initiate create table
table nextbike_map_data_20240206_124502 created
create table complete initiate insert function
connected to table in insert function
insert function completed
insert function complete
Current working directory: /home/ludic/Desktop/Codetoserve/pipestations
initiate create table
table nextbike_map_data_20240206_140032 created
create table complete initiate insert function
connected to table in insert function
insert function completed
insert function complete
Current working directory: /home/ludic/Desktop/Codetoserve/pipestations
initiate create table
table nextbike_map_data_20240206_141505 created
create table complete initiate insert function
connected to table in insert function
insert function completed
insert function complete
Current working directory: /home/ludic/Desktop/Codetoserve/pipestations
initiate create table
table nextbike_map_data_20240206_143004 created
create table complete initiate insert function
connected to table in insert function
insert function completed
insert function complete
Current working directory: /home/ludic/Desktop/Codetoserve/pipestations
initiate create table
table nextbike_map_data_20240206_143502 created
create table complete initiate insert function
connected to table in insert function
insert function completed
insert function complete
Current working directory: /home/ludic/Desktop/Codetoserve/pipestations
initiate create table
table nextbike_map_data_20240206_144503 created
create table complete initiate insert function
connected to table in insert function
insert function completed
insert function complete
Current working directory: /home/ludic/Desktop/Codetoserve/pipestations
initiate create table
table nextbike_map_data_20240206_150002 created
create table complete initiate insert function
connected to table in insert function
insert function completed
insert function complete
Current working directory: /home/ludic/Desktop/Codetoserve/pipestations
initiate create table
table nextbike_map_data_20240206_151502 created
create table complete initiate insert function
connected to table in insert function
insert function completed
insert function complete
Current working directory: /home/ludic/Desktop/Codetoserve/pipestations
initiate create table
table nextbike_map_data_20240206_153004 created
create table complete initiate insert function
connected to table in insert function
insert function completed
insert function complete
Current working directory: /home/ludic/Desktop/Codetoserve/pipestations
initiate create table
table nextbike_map_data_20240206_153503 created
create table complete initiate insert function
connected to table in insert function
insert function completed
insert function complete
Current working directory: /home/ludic/Desktop/Codetoserve/pipestations
initiate create table
table nextbike_map_data_20240207_081502 created
create table complete initiate insert function
connected to table in insert function
insert function completed
insert function complete
Current working directory: /home/ludic/Desktop/Codetoserve/pipestations
initiate create table
table nextbike_map_data_20240207_083002 created
create table complete initiate insert function
connected to table in insert function
insert function completed
insert function complete
Current working directory: /home/ludic/Desktop/Codetoserve/pipestations
initiate create table
table nextbike_map_data_20240207_091503 created
create table complete initiate insert function
connected to table in insert function
insert function completed
insert function complete
Current working directory: /home/ludic/Desktop/Codetoserve/pipestations
initiate create table
table nextbike_map_data_20240207_093002 created
create table complete initiate insert function
connected to table in insert function
insert function completed
insert function complete
Current working directory: /home/ludic/Desktop/Codetoserve/pipestations
initiate create table
table nextbike_map_data_20240207_093501 created
create table complete initiate insert function
connected to table in insert function
insert function completed
insert function complete
Current working directory: /home/ludic/Desktop/Codetoserve/pipestations
initiate create table
table nextbike_map_data_20240207_094502 created
create table complete initiate insert function
connected to table in insert function
insert function completed
insert function complete
Current working directory: /home/ludic/Desktop/Codetoserve/pipestations
initiate create table
table nextbike_map_data_20240207_100001 created
create table complete initiate insert function
connected to table in insert function
insert function completed
insert function complete
Current working directory: /home/ludic/Desktop/Codetoserve/pipestations
initiate create table
table nextbike_map_data_20240207_101504 created
create table complete initiate insert function
connected to table in insert function
insert function completed
insert function complete
Current working directory: /home/ludic/Desktop/Codetoserve/pipestations
initiate create table
table nextbike_map_data_20240207_103001 created
create table complete initiate insert function
connected to table in insert function
insert function completed
insert function complete
Current working directory: /home/ludic/Desktop/Codetoserve/pipestations
initiate create table
table nextbike_map_data_20240207_103502 created
create table complete initiate insert function
connected to table in insert function
insert function completed
insert function complete
Current working directory: /home/ludic/Desktop/Codetoserve/pipestations
initiate create table
table nextbike_map_data_20240207_104502 created
create table complete initiate insert function
connected to table in insert function
insert function completed
insert function complete
Current working directory: /home/ludic/Desktop/Codetoserve/pipestations
initiate create table
table nextbike_map_data_20240207_110003 created
create table complete initiate insert function
connected to table in insert function
insert function completed
insert function complete
Current working directory: /home/ludic/Desktop/Codetoserve/pipestations
initiate create table
table nextbike_map_data_20240207_111504 created
create table complete initiate insert function
connected to table in insert function
insert function completed
insert function complete
Current working directory: /home/ludic/Desktop/Codetoserve/pipestations
initiate create table
table nextbike_map_data_20240207_113002 created
create table complete initiate insert function
connected to table in insert function
insert function completed
insert function complete
Current working directory: /home/ludic/Desktop/Codetoserve/pipestations
initiate create table
table nextbike_map_data_20240207_113501 created
create table complete initiate insert function
connected to table in insert function
insert function completed
insert function complete
Current working directory: /home/ludic/Desktop/Codetoserve/pipestations
initiate create table
table nextbike_map_data_20240207_114502 created
create table complete initiate insert function
connected to table in insert function
insert function completed
insert function complete
Current working directory: /home/ludic/Desktop/Codetoserve/pipestations
initiate create table
table nextbike_map_data_20240207_120002 created
create table complete initiate insert function
connected to table in insert function
insert function completed
insert function complete
Current working directory: /home/ludic/Desktop/Codetoserve/pipestations
initiate create table
table nextbike_map_data_20240207_121502 created
create table complete initiate insert function
connected to table in insert function
insert function completed
insert function complete
Current working directory: /home/ludic/Desktop/Codetoserve/pipestations
initiate create table
table nextbike_map_data_20240207_123002 created
create table complete initiate insert function
connected to table in insert function
insert function completed
insert function complete
Current working directory: /home/ludic/Desktop/Codetoserve/pipestations
initiate create table
table nextbike_map_data_20240207_123501 created
create table complete initiate insert function
connected to table in insert function
insert function completed
insert function complete
Current working directory: /home/ludic/Desktop/Codetoserve/pipestations
initiate create table
table nextbike_map_data_20240207_124503 created
create table complete initiate insert function
connected to table in insert function
insert function completed
insert function complete
Current working directory: /home/ludic/Desktop/Codetoserve/pipestations
initiate create table
table nextbike_map_data_20240207_161503 created
create table complete initiate insert function
connected to table in insert function
insert function completed
insert function complete
Current working directory: /home/ludic/Desktop/Codetoserve/pipestations
initiate create table
table nextbike_map_data_20240207_163001 created
create table complete initiate insert function
connected to table in insert function
insert function completed
insert function complete
Current working directory: /home/ludic/Desktop/Codetoserve/pipestations
initiate create table
table nextbike_map_data_20240207_163503 created
create table complete initiate insert function
connected to table in insert function
insert function completed
insert function complete
Current working directory: /home/ludic/Desktop/Codetoserve/pipestations
initiate create table
table nextbike_map_data_20240207_164503 created
create table complete initiate insert function
connected to table in insert function
insert function completed
insert function complete
Current working directory: /home/ludic/Desktop/Codetoserve/pipestations
initiate create table
table nextbike_map_data_20240207_170007 created
create table complete initiate insert function
connected to table in insert function
insert function completed
insert function complete
Current working directory: /home/ludic/Desktop/Codetoserve/pipestations
initiate create table
table nextbike_map_data_20240207_171502 created
create table complete initiate insert function
connected to table in insert function
insert function completed
insert function complete
Current working directory: /home/ludic/Desktop/Codetoserve/pipestations
initiate create table
table nextbike_map_data_20240207_173004 created
create table complete initiate insert function
connected to table in insert function
insert function completed
insert function complete
Current working directory: /home/ludic/Desktop/Codetoserve/pipestations
initiate create table
table nextbike_map_data_20240207_173502 created
create table complete initiate insert function
connected to table in insert function
insert function completed
insert function complete
Current working directory: /home/ludic/Desktop/Codetoserve/pipestations
initiate create table
table nextbike_map_data_20240207_174501 created
create table complete initiate insert function
connected to table in insert function
insert function completed
insert function complete
Current working directory: /home/ludic/Desktop/Codetoserve/pipestations
initiate create table
table nextbike_map_data_20240207_180001 created
create table complete initiate insert function
connected to table in insert function
insert function completed
insert function complete
Current working directory: /home/ludic/Desktop/Codetoserve/pipestations
initiate create table
table nextbike_map_data_20240207_181505 created
create table complete initiate insert function
connected to table in insert function
insert function completed
insert function complete
Current working directory: /home/ludic/Desktop/Codetoserve/pipestations
initiate create table
table nextbike_map_data_20240207_220002 created
create table complete initiate insert function
connected to table in insert function
insert function completed
insert function complete
Current working directory: /home/ludic/Desktop/Codetoserve/pipestations
initiate create table
table nextbike_map_data_20240207_221505 created
create table complete initiate insert function
connected to table in insert function
insert function completed
insert function complete
Current working directory: /home/ludic/Desktop/Codetoserve/pipestations
initiate create table
table nextbike_map_data_20240207_223005 created
create table complete initiate insert function
connected to table in insert function
insert function completed
insert function complete
Current working directory: /home/ludic/Desktop/Codetoserve/pipestations
initiate create table
table nextbike_map_data_20240207_223502 created
create table complete initiate insert function
connected to table in insert function
insert function completed
insert function complete
Current working directory: /home/ludic/Desktop/Codetoserve/pipestations
initiate create table
table nextbike_map_data_20240207_224501 created
create table complete initiate insert function
connected to table in insert function
insert function completed
insert function complete
Current working directory: /home/ludic/Desktop/Codetoserve/pipestations
initiate create table
table nextbike_map_data_20240208_104502 created
create table complete initiate insert function
connected to table in insert function
insert function completed
insert function complete
Current working directory: /home/ludic/Desktop/Codetoserve/pipestations
initiate create table
table nextbike_map_data_20240208_110002 created
create table complete initiate insert function
connected to table in insert function
insert function completed
insert function complete
Current working directory: /home/ludic/Desktop/Codetoserve/pipestations
initiate create table
table nextbike_map_data_20240208_111501 created
create table complete initiate insert function
connected to table in insert function
insert function completed
insert function complete
Current working directory: /home/ludic/Desktop/Codetoserve/pipestations
initiate create table
table nextbike_map_data_20240208_113004 created
create table complete initiate insert function
connected to table in insert function
insert function completed
insert function complete
Current working directory: /home/ludic/Desktop/Codetoserve/pipestations
initiate create table
table nextbike_map_data_20240208_113501 created
create table complete initiate insert function
connected to table in insert function
insert function completed
insert function complete
Current working directory: /home/ludic/Desktop/Codetoserve/pipestations
initiate create table
table nextbike_map_data_20240208_114501 created
create table complete initiate insert function
connected to table in insert function
insert function completed
insert function complete
Current working directory: /home/ludic/Desktop/Codetoserve/pipestations
initiate create table
table nextbike_map_data_20240208_120004 created
create table complete initiate insert function
connected to table in insert function
insert function completed
insert function complete
Current working directory: /home/ludic/Desktop/Codetoserve/pipestations
initiate create table
table nextbike_map_data_20240208_121501 created
create table complete initiate insert function
connected to table in insert function
insert function completed
insert function complete
Current working directory: /home/ludic/Desktop/Codetoserve/pipestations
initiate create table
table nextbike_map_data_20240208_123002 created
create table complete initiate insert function
connected to table in insert function
insert function completed
insert function complete
Current working directory: /home/ludic/Desktop/Codetoserve/pipestations
initiate create table
table nextbike_map_data_20240208_123501 created
create table complete initiate insert function
connected to table in insert function
insert function completed
insert function complete
Current working directory: /home/ludic/Desktop/Codetoserve/pipestations
initiate create table
table nextbike_map_data_20240208_124502 created
create table complete initiate insert function
connected to table in insert function
insert function completed
insert function complete
Current working directory: /home/ludic/Desktop/Codetoserve/pipestations
initiate create table
table nextbike_map_data_20240208_130003 created
create table complete initiate insert function
connected to table in insert function
insert function completed
insert function complete
Current working directory: /home/ludic/Desktop/Codetoserve/pipestations
initiate create table
table nextbike_map_data_20240208_131503 created
create table complete initiate insert function
connected to table in insert function
insert function completed
insert function complete
Current working directory: /home/ludic/Desktop/Codetoserve/pipestations
initiate create table
table nextbike_map_data_20240208_133001 created
create table complete initiate insert function
connected to table in insert function
insert function completed
insert function complete
Current working directory: /home/ludic/Desktop/Codetoserve/pipestations
initiate create table
table nextbike_map_data_20240208_133502 created
create table complete initiate insert function
connected to table in insert function
insert function completed
insert function complete
Current working directory: /home/ludic/Desktop/Codetoserve/pipestations
initiate create table
table nextbike_map_data_20240208_134501 created
create table complete initiate insert function
connected to table in insert function
insert function completed
insert function complete
Current working directory: /home/ludic/Desktop/Codetoserve/pipestations
initiate create table
table nextbike_map_data_20240208_140005 created
create table complete initiate insert function
connected to table in insert function
insert function completed
insert function complete
Current working directory: /home/ludic/Desktop/Codetoserve/pipestations
initiate create table
table nextbike_map_data_20240208_141503 created
create table complete initiate insert function
connected to table in insert function
insert function completed
insert function complete
Current working directory: /home/ludic/Desktop/Codetoserve/pipestations
initiate create table
table nextbike_map_data_20240208_143002 created
create table complete initiate insert function
connected to table in insert function
insert function completed
insert function complete
Current working directory: /home/ludic/Desktop/Codetoserve/pipestations
initiate create table
table nextbike_map_data_20240208_143501 created
create table complete initiate insert function
connected to table in insert function
insert function completed
insert function complete
Current working directory: /home/ludic/Desktop/Codetoserve/pipestations
initiate create table
table nextbike_map_data_20240208_144505 created
create table complete initiate insert function
connected to table in insert function
insert function completed
insert function complete
Current working directory: /home/ludic/Desktop/Codetoserve/pipestations
initiate create table
table nextbike_map_data_20240208_150001 created
create table complete initiate insert function
connected to table in insert function
insert function completed
insert function complete
Current working directory: /home/ludic/Desktop/Codetoserve/pipestations
initiate create table
table nextbike_map_data_20240208_151504 created
create table complete initiate insert function
connected to table in insert function
insert function completed
insert function complete
Current working directory: /home/ludic/Desktop/Codetoserve/pipestations
initiate create table
table nextbike_map_data_20240208_153001 created
create table complete initiate insert function
connected to table in insert function
insert function completed
insert function complete
Current working directory: /home/ludic/Desktop/Codetoserve/pipestations
initiate create table
table nextbike_map_data_20240208_153501 created
create table complete initiate insert function
connected to table in insert function
insert function completed
insert function complete
Current working directory: /home/ludic/Desktop/Codetoserve/pipestations
initiate create table
table nextbike_map_data_20240208_154503 created
create table complete initiate insert function
connected to table in insert function
insert function completed
insert function complete
Current working directory: /home/ludic/Desktop/Codetoserve/pipestations
initiate create table
table nextbike_map_data_20240208_160001 created
create table complete initiate insert function
connected to table in insert function
insert function completed
insert function complete
Current working directory: /home/ludic/Desktop/Codetoserve/pipestations
initiate create table
table nextbike_map_data_20240208_161502 created
create table complete initiate insert function
connected to table in insert function
insert function completed
insert function complete
Current working directory: /home/ludic/Desktop/Codetoserve/pipestations
initiate create table
table nextbike_map_data_20240208_163002 created
create table complete initiate insert function
connected to table in insert function
insert function completed
insert function complete
Current working directory: /home/ludic/Desktop/Codetoserve/pipestations
initiate create table
table nextbike_map_data_20240208_163501 created
create table complete initiate insert function
connected to table in insert function
insert function completed
insert function complete
Current working directory: /home/ludic/Desktop/Codetoserve/pipestations
initiate create table
table nextbike_map_data_20240208_164502 created
create table complete initiate insert function
connected to table in insert function
insert function completed
insert function complete
Current working directory: /home/ludic/Desktop/Codetoserve/pipestations
initiate create table
table nextbike_map_data_20240208_170002 created
create table complete initiate insert function
connected to table in insert function
insert function completed
insert function complete
Current working directory: /home/ludic/Desktop/Codetoserve/pipestations
initiate create table
table nextbike_map_data_20240208_191501 created
create table complete initiate insert function
connected to table in insert function
insert function completed
insert function complete
Current working directory: /home/ludic/Desktop/Codetoserve/pipestations
initiate create table
table nextbike_map_data_20240208_193005 created
create table complete initiate insert function
connected to table in insert function
insert function completed
insert function complete
Current working directory: /home/ludic/Desktop/Codetoserve/pipestations
initiate create table
table nextbike_map_data_20240208_193502 created
create table complete initiate insert function
connected to table in insert function
insert function completed
insert function complete
Current working directory: /home/ludic/Desktop/Codetoserve/pipestations
initiate create table
table nextbike_map_data_20240208_194501 created
create table complete initiate insert function
connected to table in insert function
insert function completed
insert function complete
Current working directory: /home/ludic/Desktop/Codetoserve/pipestations
initiate create table
table nextbike_map_data_20240208_200004 created
create table complete initiate insert function
connected to table in insert function
insert function completed
insert function complete
Current working directory: /home/ludic/Desktop/Codetoserve/pipestations
initiate create table
table nextbike_map_data_20240208_201502 created
create table complete initiate insert function
connected to table in insert function
insert function completed
insert function complete
Current working directory: /home/ludic/Desktop/Codetoserve/pipestations
initiate create table
table nextbike_map_data_20240208_203002 created
create table complete initiate insert function
connected to table in insert function
insert function completed
insert function complete
Current working directory: /home/ludic/Desktop/Codetoserve/pipestations
initiate create table
table nextbike_map_data_20240208_203501 created
create table complete initiate insert function
connected to table in insert function
insert function completed
insert function complete
Current working directory: /home/ludic/Desktop/Codetoserve/pipestations
initiate create table
table nextbike_map_data_20240208_204502 created
create table complete initiate insert function
connected to table in insert function
insert function completed
insert function complete
Current working directory: /home/ludic/Desktop/Codetoserve/pipestations
initiate create table
table nextbike_map_data_20240208_210001 created
create table complete initiate insert function
connected to table in insert function
insert function completed
insert function complete
Current working directory: /home/ludic/Desktop/Codetoserve/pipestations
initiate create table
table nextbike_map_data_20240208_211502 created
create table complete initiate insert function
connected to table in insert function
insert function completed
insert function complete
Current working directory: /home/ludic/Desktop/Codetoserve/pipestations
initiate create table
table nextbike_map_data_20240208_213006 created
create table complete initiate insert function
connected to table in insert function
insert function completed
insert function complete
Current working directory: /home/ludic/Desktop/Codetoserve/pipestations
initiate create table
table nextbike_map_data_20240208_213502 created
create table complete initiate insert function
connected to table in insert function
insert function completed
insert function complete
Current working directory: /home/ludic/Desktop/Codetoserve/pipestations
initiate create table
table nextbike_map_data_20240208_214502 created
create table complete initiate insert function
connected to table in insert function
insert function completed
insert function complete
Current working directory: /home/ludic/Desktop/Codetoserve/pipestations
initiate create table
table nextbike_map_data_20240208_220003 created
create table complete initiate insert function
connected to table in insert function
insert function completed
insert function complete
Current working directory: /home/ludic/Desktop/Codetoserve/pipestations
initiate create table
table nextbike_map_data_20240208_221503 created
create table complete initiate insert function
connected to table in insert function
insert function completed
insert function complete
Current working directory: /home/ludic/Desktop/Codetoserve/pipestations
initiate create table
table nextbike_map_data_20240208_223001 created
create table complete initiate insert function
connected to table in insert function
insert function completed
insert function complete
Current working directory: /home/ludic/Desktop/Codetoserve/pipestations
initiate create table
table nextbike_map_data_20240208_223501 created
create table complete initiate insert function
connected to table in insert function
insert function completed
insert function complete
Current working directory: /home/ludic/Desktop/Codetoserve/pipestations
initiate create table
table nextbike_map_data_20240208_224502 created
create table complete initiate insert function
connected to table in insert function
insert function completed
insert function complete
Current working directory: /home/ludic/Desktop/Codetoserve/pipestations
initiate create table
table nextbike_map_data_20240209_100004 created
create table complete initiate insert function
connected to table in insert function
insert function completed
insert function complete
Current working directory: /home/ludic/Desktop/Codetoserve/pipestations
initiate create table
table nextbike_map_data_20240209_101505 created
create table complete initiate insert function
connected to table in insert function
insert function completed
insert function complete
Current working directory: /home/ludic/Desktop/Codetoserve/pipestations
initiate create table
table nextbike_map_data_20240209_103003 created
create table complete initiate insert function
connected to table in insert function
insert function completed
insert function complete
Current working directory: /home/ludic/Desktop/Codetoserve/pipestations
initiate create table
table nextbike_map_data_20240209_103501 created
create table complete initiate insert function
connected to table in insert function
insert function completed
insert function complete
Current working directory: /home/ludic/Desktop/Codetoserve/pipestations
initiate create table
table nextbike_map_data_20240209_104503 created
create table complete initiate insert function
connected to table in insert function
insert function completed
insert function complete
